<?xml version="1.0" encoding="UTF-8"?>
<!-- Generated by org.testng.reporters.JUnitReportReporter -->
<testsuite hostname="SUMIT" failures="0" tests="3" name="restAssuredTests.simpleAPITest.APITests" time="21.347" errors="0" timestamp="2021-06-11T07:13:14 IST" skipped="0">
  <testcase classname="restAssuredTests.simpleAPITest.APITests" name="EvaluateJsonPath" time="20.222"/>
  <system-out/>
  <testcase classname="restAssuredTests.simpleAPITest.APITests" name="testPOSTRequest" time="0.881"/>
  <system-out/>
  <testcase classname="restAssuredTests.simpleAPITest.APITests" name="testFirstNameAndLastName" time="0.244"/>
  <system-out/>
</testsuite> <!-- restAssuredTests.simpleAPITest.APITests -->
